2025-05-19 14:33:02,010 [Worker-5: Loading available Gradle versions] INFO  o.e.b.c.i.u.g.PublishedGradleVersions - Gradle version information cache is not available. Remote download required.
2025-05-19 14:37:41,790 [Worker-6: Import Getting Started Content] INFO  o.e.m.c.i.l.LifecycleMappingFactory - Using org.eclipse.m2e.jdt.JarLifecycleMapping lifecycle mapping for MavenProject: com.stockmonitoringapp:Stock_Portfolio_Monitoring_App:0.0.1-SNAPSHOT @ C:\Users\mynak\Desktop\Capgemini Project\Stock_Portfolio_Monitoring_App\pom.xml.
2025-05-19 14:37:45,318 [Worker-6: Import Getting Started Content] INFO  o.e.m.j.i.AbstractJavaProjectConfigurator - Adding source folder /Stock_Portfolio_Monitoring_App/src/main/java
2025-05-19 14:37:45,321 [Worker-6: Import Getting Started Content] INFO  o.e.m.j.i.AbstractJavaProjectConfigurator - Adding resource folder /Stock_Portfolio_Monitoring_App/src/main/resources
2025-05-19 14:37:45,335 [Worker-6: Import Getting Started Content] INFO  o.e.m.j.i.AbstractJavaProjectConfigurator - Adding resource folder /Stock_Portfolio_Monitoring_App/src/main/resources
2025-05-19 14:37:45,348 [Worker-6: Import Getting Started Content] INFO  o.e.m.j.i.AbstractJavaProjectConfigurator - Adding source folder /Stock_Portfolio_Monitoring_App/src/test/java
2025-05-19 14:37:45,350 [Worker-6: Import Getting Started Content] INFO  o.e.m.j.i.AbstractJavaProjectConfigurator - Adding resource folder /Stock_Portfolio_Monitoring_App/src/test/resources
2025-05-19 14:37:47,254 [Worker-6: Import Getting Started Content] INFO  o.e.m.c.i.p.ProjectConfigurationManager - Imported and configured 1 project(s) in 9 sec
2025-05-19 14:37:47,265 [Worker-6: Import Getting Started Content] INFO  o.e.m.c.i.p.ProjectConfigurationManager - Update started
2025-05-19 14:37:48,409 [Worker-6: Import Getting Started Content] INFO  o.e.m.c.i.l.LifecycleMappingFactory - Using org.eclipse.m2e.jdt.JarLifecycleMapping lifecycle mapping for MavenProject: com.stockmonitoringapp:Stock_Portfolio_Monitoring_App:0.0.1-SNAPSHOT @ C:\Users\mynak\Desktop\Capgemini Project\Stock_Portfolio_Monitoring_App\pom.xml.
2025-05-19 14:37:50,093 [Worker-6: Import Getting Started Content] INFO  o.e.m.j.i.AbstractJavaProjectConfigurator - Adding source folder /Stock_Portfolio_Monitoring_App/src/main/java
2025-05-19 14:37:50,095 [Worker-6: Import Getting Started Content] INFO  o.e.m.j.i.AbstractJavaProjectConfigurator - Adding resource folder /Stock_Portfolio_Monitoring_App/src/main/resources
2025-05-19 14:37:50,099 [Worker-6: Import Getting Started Content] INFO  o.e.m.j.i.AbstractJavaProjectConfigurator - Adding resource folder /Stock_Portfolio_Monitoring_App/src/main/resources
2025-05-19 14:37:50,100 [Worker-6: Import Getting Started Content] INFO  o.e.m.j.i.AbstractJavaProjectConfigurator - Adding source folder /Stock_Portfolio_Monitoring_App/src/test/java
2025-05-19 14:37:50,102 [Worker-6: Import Getting Started Content] INFO  o.e.m.j.i.AbstractJavaProjectConfigurator - Adding resource folder /Stock_Portfolio_Monitoring_App/src/test/resources
2025-05-19 14:37:51,507 [Worker-6: Import Getting Started Content] INFO  o.e.m.c.i.p.ProjectConfigurationManager - Update completed for 1 poms: local refresh takes 0.00 sec, refresh facades takes 2.00 sec, update config takes 1.00 sec 
2025-05-19 14:37:51,633 [Worker-2: Updating Maven Project] INFO  o.e.m.c.i.p.ProjectConfigurationManager - Update started
2025-05-19 14:37:52,689 [Worker-2: Updating Maven Project] INFO  o.e.m.c.i.l.LifecycleMappingFactory - Using org.eclipse.m2e.jdt.JarLifecycleMapping lifecycle mapping for MavenProject: com.stockmonitoringapp:Stock_Portfolio_Monitoring_App:0.0.1-SNAPSHOT @ C:\Users\mynak\Desktop\Capgemini Project\Stock_Portfolio_Monitoring_App\pom.xml.
2025-05-19 14:37:54,529 [Worker-2: Updating Maven Project] INFO  o.e.m.j.i.AbstractJavaProjectConfigurator - Adding source folder /Stock_Portfolio_Monitoring_App/src/main/java
2025-05-19 14:37:54,531 [Worker-2: Updating Maven Project] INFO  o.e.m.j.i.AbstractJavaProjectConfigurator - Adding resource folder /Stock_Portfolio_Monitoring_App/src/main/resources
2025-05-19 14:37:54,533 [Worker-2: Updating Maven Project] INFO  o.e.m.j.i.AbstractJavaProjectConfigurator - Adding resource folder /Stock_Portfolio_Monitoring_App/src/main/resources
2025-05-19 14:37:54,534 [Worker-2: Updating Maven Project] INFO  o.e.m.j.i.AbstractJavaProjectConfigurator - Adding source folder /Stock_Portfolio_Monitoring_App/src/test/java
2025-05-19 14:37:54,536 [Worker-2: Updating Maven Project] INFO  o.e.m.j.i.AbstractJavaProjectConfigurator - Adding resource folder /Stock_Portfolio_Monitoring_App/src/test/resources
2025-05-19 14:37:55,240 [Worker-2: Updating Maven Project] INFO  o.e.m.c.i.p.ProjectConfigurationManager - Update completed for 1 poms: local refresh takes 0.00 sec, refresh facades takes 2.00 sec, update config takes 0.00 sec 
2025-05-19 14:37:56,763 [Worker-6: Building] INFO  o.a.m.s.f.DefaultMavenResourcesFiltering - Copying 1 resource from src\main\resources to target\classes
2025-05-19 14:37:56,790 [Worker-6: Building] INFO  o.a.m.s.f.DefaultMavenResourcesFiltering - Copying 0 resource from src\main\resources to target\classes
2025-05-19 14:37:56,802 [Worker-6: Building] INFO  o.a.m.s.f.DefaultMavenResourcesFiltering - skip non existing resourceDirectory C:\Users\mynak\Desktop\Capgemini Project\Stock_Portfolio_Monitoring_App\src\test\resources
2025-05-19 14:38:04,323 [Worker-8: Building] INFO  o.a.m.s.f.DefaultMavenResourcesFiltering - Copying 1 resource from src\main\resources to target\classes
2025-05-19 14:38:04,349 [Worker-8: Building] INFO  o.a.m.s.f.DefaultMavenResourcesFiltering - Copying 0 resource from src\main\resources to target\classes
2025-05-19 14:38:04,356 [Worker-8: Building] INFO  o.a.m.s.f.DefaultMavenResourcesFiltering - skip non existing resourceDirectory C:\Users\mynak\Desktop\Capgemini Project\Stock_Portfolio_Monitoring_App\src\test\resources
2025-05-19 14:38:37,148 [Worker-10: Building] INFO  o.a.m.s.f.DefaultMavenResourcesFiltering - Copying 1 resource from src\main\resources to target\classes
2025-05-19 14:38:37,157 [Worker-10: Building] INFO  o.a.m.s.f.DefaultMavenResourcesFiltering - Copying 0 resource from src\main\resources to target\classes
2025-05-19 14:38:37,168 [Worker-10: Building] INFO  o.a.m.s.f.DefaultMavenResourcesFiltering - skip non existing resourceDirectory C:\Users\mynak\Desktop\Capgemini Project\Stock_Portfolio_Monitoring_App\src\test\resources
